[2025-11-14 13:23:39] laravel.EMERGENCY: Unable to create configured logger. Using emergency logger. {"exception":"[object] (InvalidArgumentException(code: 0): Log [] is not defined. at C:\\Users\\Пользователь\\Desktop\\analytics-platform\\vendor\\laravel\\framework\\src\\Illuminate\\Log\\LogManager.php:212)
[stacktrace]
#0 C:\\Users\\Пользователь\\Desktop\\analytics-platform\\vendor\\laravel\\framework\\src\\Illuminate\\Log\\LogManager.php(137): Illuminate\\Log\\LogManager->resolve()
#1 C:\\Users\\Пользователь\\Desktop\\analytics-platform\\vendor\\laravel\\framework\\src\\Illuminate\\Log\\LogManager.php(124): Illuminate\\Log\\LogManager->get()
#2 C:\\Users\\Пользователь\\Desktop\\analytics-platform\\vendor\\laravel\\framework\\src\\Illuminate\\Log\\LogManager.php(681): Illuminate\\Log\\LogManager->driver()
#3 C:\\Users\\Пользователь\\Desktop\\analytics-platform\\vendor\\laravel\\framework\\src\\Illuminate\\Foundation\\Exceptions\\Handler.php(317): Illuminate\\Log\\LogManager->error()
#4 C:\\Users\\Пользователь\\Desktop\\analytics-platform\\vendor\\laravel\\framework\\src\\Illuminate\\Foundation\\Exceptions\\Handler.php(278): Illuminate\\Foundation\\Exceptions\\Handler->reportThrowable()
#5 C:\\Users\\Пользователь\\Desktop\\analytics-platform\\vendor\\laravel\\framework\\src\\Illuminate\\Foundation\\Console\\Kernel.php(523): Illuminate\\Foundation\\Exceptions\\Handler->report()
#6 C:\\Users\\Пользователь\\Desktop\\analytics-platform\\vendor\\laravel\\framework\\src\\Illuminate\\Foundation\\Console\\Kernel.php(203): Illuminate\\Foundation\\Console\\Kernel->reportException()
#7 C:\\Users\\Пользователь\\Desktop\\analytics-platform\\artisan(18): Illuminate\\Foundation\\Console\\Kernel->handle()
#8 {main}
"} 
[2025-11-14 13:23:39] laravel.ERROR: Unable to load the "app" configuration file. {"exception":"[object] (Exception(code: 0): Unable to load the \"app\" configuration file. at C:\\Users\\Пользователь\\Desktop\\analytics-platform\\vendor\\laravel\\framework\\src\\Illuminate\\Foundation\\Bootstrap\\LoadConfiguration.php:66)
[stacktrace]
#0 C:\\Users\\Пользователь\\Desktop\\analytics-platform\\vendor\\laravel\\framework\\src\\Illuminate\\Foundation\\Bootstrap\\LoadConfiguration.php(39): Illuminate\\Foundation\\Bootstrap\\LoadConfiguration->loadConfigurationFiles()
#1 C:\\Users\\Пользователь\\Desktop\\analytics-platform\\vendor\\laravel\\framework\\src\\Illuminate\\Foundation\\Application.php(286): Illuminate\\Foundation\\Bootstrap\\LoadConfiguration->bootstrap()
#2 C:\\Users\\Пользователь\\Desktop\\analytics-platform\\vendor\\laravel\\framework\\src\\Illuminate\\Foundation\\Console\\Kernel.php(447): Illuminate\\Foundation\\Application->bootstrapWith()
#3 C:\\Users\\Пользователь\\Desktop\\analytics-platform\\vendor\\laravel\\framework\\src\\Illuminate\\Foundation\\Console\\Kernel.php(199): Illuminate\\Foundation\\Console\\Kernel->bootstrap()
#4 C:\\Users\\Пользователь\\Desktop\\analytics-platform\\artisan(18): Illuminate\\Foundation\\Console\\Kernel->handle()
#5 {main}
"} 
[2025-11-14 13:24:17] laravel.EMERGENCY: Unable to create configured logger. Using emergency logger. {"exception":"[object] (InvalidArgumentException(code: 0): Log [] is not defined. at C:\\Users\\Пользователь\\Desktop\\analytics-platform\\vendor\\laravel\\framework\\src\\Illuminate\\Log\\LogManager.php:212)
[stacktrace]
#0 C:\\Users\\Пользователь\\Desktop\\analytics-platform\\vendor\\laravel\\framework\\src\\Illuminate\\Log\\LogManager.php(137): Illuminate\\Log\\LogManager->resolve()
#1 C:\\Users\\Пользователь\\Desktop\\analytics-platform\\vendor\\laravel\\framework\\src\\Illuminate\\Log\\LogManager.php(124): Illuminate\\Log\\LogManager->get()
#2 C:\\Users\\Пользователь\\Desktop\\analytics-platform\\vendor\\laravel\\framework\\src\\Illuminate\\Log\\LogManager.php(681): Illuminate\\Log\\LogManager->driver()
#3 C:\\Users\\Пользователь\\Desktop\\analytics-platform\\vendor\\laravel\\framework\\src\\Illuminate\\Foundation\\Exceptions\\Handler.php(317): Illuminate\\Log\\LogManager->error()
#4 C:\\Users\\Пользователь\\Desktop\\analytics-platform\\vendor\\laravel\\framework\\src\\Illuminate\\Foundation\\Exceptions\\Handler.php(278): Illuminate\\Foundation\\Exceptions\\Handler->reportThrowable()
#5 C:\\Users\\Пользователь\\Desktop\\analytics-platform\\vendor\\laravel\\framework\\src\\Illuminate\\Foundation\\Console\\Kernel.php(523): Illuminate\\Foundation\\Exceptions\\Handler->report()
#6 C:\\Users\\Пользователь\\Desktop\\analytics-platform\\vendor\\laravel\\framework\\src\\Illuminate\\Foundation\\Console\\Kernel.php(203): Illuminate\\Foundation\\Console\\Kernel->reportException()
#7 C:\\Users\\Пользователь\\Desktop\\analytics-platform\\artisan(18): Illuminate\\Foundation\\Console\\Kernel->handle()
#8 {main}
"} 
[2025-11-14 13:24:17] laravel.ERROR: Unable to load the "app" configuration file. {"exception":"[object] (Exception(code: 0): Unable to load the \"app\" configuration file. at C:\\Users\\Пользователь\\Desktop\\analytics-platform\\vendor\\laravel\\framework\\src\\Illuminate\\Foundation\\Bootstrap\\LoadConfiguration.php:66)
[stacktrace]
#0 C:\\Users\\Пользователь\\Desktop\\analytics-platform\\vendor\\laravel\\framework\\src\\Illuminate\\Foundation\\Bootstrap\\LoadConfiguration.php(39): Illuminate\\Foundation\\Bootstrap\\LoadConfiguration->loadConfigurationFiles()
#1 C:\\Users\\Пользователь\\Desktop\\analytics-platform\\vendor\\laravel\\framework\\src\\Illuminate\\Foundation\\Application.php(286): Illuminate\\Foundation\\Bootstrap\\LoadConfiguration->bootstrap()
#2 C:\\Users\\Пользователь\\Desktop\\analytics-platform\\vendor\\laravel\\framework\\src\\Illuminate\\Foundation\\Console\\Kernel.php(447): Illuminate\\Foundation\\Application->bootstrapWith()
#3 C:\\Users\\Пользователь\\Desktop\\analytics-platform\\vendor\\laravel\\framework\\src\\Illuminate\\Foundation\\Console\\Kernel.php(199): Illuminate\\Foundation\\Console\\Kernel->bootstrap()
#4 C:\\Users\\Пользователь\\Desktop\\analytics-platform\\artisan(18): Illuminate\\Foundation\\Console\\Kernel->handle()
#5 {main}
"} 
[2025-11-14 18:09:49] laravel.EMERGENCY: Unable to create configured logger. Using emergency logger. {"exception":"[object] (InvalidArgumentException(code: 0): Log [] is not defined. at C:\\Users\\Пользователь\\Desktop\\analytics-platform\\vendor\\laravel\\framework\\src\\Illuminate\\Log\\LogManager.php:212)
[stacktrace]
#0 C:\\Users\\Пользователь\\Desktop\\analytics-platform\\vendor\\laravel\\framework\\src\\Illuminate\\Log\\LogManager.php(137): Illuminate\\Log\\LogManager->resolve()
#1 C:\\Users\\Пользователь\\Desktop\\analytics-platform\\vendor\\laravel\\framework\\src\\Illuminate\\Log\\LogManager.php(124): Illuminate\\Log\\LogManager->get()
#2 C:\\Users\\Пользователь\\Desktop\\analytics-platform\\vendor\\laravel\\framework\\src\\Illuminate\\Log\\LogManager.php(681): Illuminate\\Log\\LogManager->driver()
#3 C:\\Users\\Пользователь\\Desktop\\analytics-platform\\vendor\\laravel\\framework\\src\\Illuminate\\Foundation\\Exceptions\\Handler.php(317): Illuminate\\Log\\LogManager->error()
#4 C:\\Users\\Пользователь\\Desktop\\analytics-platform\\vendor\\laravel\\framework\\src\\Illuminate\\Foundation\\Exceptions\\Handler.php(278): Illuminate\\Foundation\\Exceptions\\Handler->reportThrowable()
#5 C:\\Users\\Пользователь\\Desktop\\analytics-platform\\vendor\\laravel\\framework\\src\\Illuminate\\Foundation\\Console\\Kernel.php(523): Illuminate\\Foundation\\Exceptions\\Handler->report()
#6 C:\\Users\\Пользователь\\Desktop\\analytics-platform\\vendor\\laravel\\framework\\src\\Illuminate\\Foundation\\Console\\Kernel.php(203): Illuminate\\Foundation\\Console\\Kernel->reportException()
#7 C:\\Users\\Пользователь\\Desktop\\analytics-platform\\artisan(18): Illuminate\\Foundation\\Console\\Kernel->handle()
#8 {main}
"} 
[2025-11-14 18:09:49] laravel.ERROR: The C:\Users\Пользователь\Desktop\analytics-platform\bootstrap\cache directory must be present and writable. {"exception":"[object] (Exception(code: 0): The C:\\Users\\Пользователь\\Desktop\\analytics-platform\\bootstrap\\cache directory must be present and writable. at C:\\Users\\Пользователь\\Desktop\\analytics-platform\\vendor\\laravel\\framework\\src\\Illuminate\\Foundation\\PackageManifest.php:178)
[stacktrace]
#0 C:\\Users\\Пользователь\\Desktop\\analytics-platform\\vendor\\laravel\\framework\\src\\Illuminate\\Foundation\\PackageManifest.php(131): Illuminate\\Foundation\\PackageManifest->write()
#1 C:\\Users\\Пользователь\\Desktop\\analytics-platform\\vendor\\laravel\\framework\\src\\Illuminate\\Foundation\\PackageManifest.php(107): Illuminate\\Foundation\\PackageManifest->build()
#2 C:\\Users\\Пользователь\\Desktop\\analytics-platform\\vendor\\laravel\\framework\\src\\Illuminate\\Foundation\\PackageManifest.php(90): Illuminate\\Foundation\\PackageManifest->getManifest()
#3 C:\\Users\\Пользователь\\Desktop\\analytics-platform\\vendor\\laravel\\framework\\src\\Illuminate\\Foundation\\PackageManifest.php(79): Illuminate\\Foundation\\PackageManifest->config()
#4 C:\\Users\\Пользователь\\Desktop\\analytics-platform\\vendor\\laravel\\framework\\src\\Illuminate\\Foundation\\Bootstrap\\RegisterFacades.php(26): Illuminate\\Foundation\\PackageManifest->aliases()
#5 C:\\Users\\Пользователь\\Desktop\\analytics-platform\\vendor\\laravel\\framework\\src\\Illuminate\\Foundation\\Application.php(286): Illuminate\\Foundation\\Bootstrap\\RegisterFacades->bootstrap()
#6 C:\\Users\\Пользователь\\Desktop\\analytics-platform\\vendor\\laravel\\framework\\src\\Illuminate\\Foundation\\Console\\Kernel.php(447): Illuminate\\Foundation\\Application->bootstrapWith()
#7 C:\\Users\\Пользователь\\Desktop\\analytics-platform\\vendor\\laravel\\framework\\src\\Illuminate\\Foundation\\Console\\Kernel.php(199): Illuminate\\Foundation\\Console\\Kernel->bootstrap()
#8 C:\\Users\\Пользователь\\Desktop\\analytics-platform\\artisan(18): Illuminate\\Foundation\\Console\\Kernel->handle()
#9 {main}
"} 
[2025-11-14 18:10:13] laravel.EMERGENCY: Unable to create configured logger. Using emergency logger. {"exception":"[object] (InvalidArgumentException(code: 0): Log [] is not defined. at C:\\Users\\Пользователь\\Desktop\\analytics-platform\\vendor\\laravel\\framework\\src\\Illuminate\\Log\\LogManager.php:212)
[stacktrace]
#0 C:\\Users\\Пользователь\\Desktop\\analytics-platform\\vendor\\laravel\\framework\\src\\Illuminate\\Log\\LogManager.php(137): Illuminate\\Log\\LogManager->resolve()
#1 C:\\Users\\Пользователь\\Desktop\\analytics-platform\\vendor\\laravel\\framework\\src\\Illuminate\\Log\\LogManager.php(124): Illuminate\\Log\\LogManager->get()
#2 C:\\Users\\Пользователь\\Desktop\\analytics-platform\\vendor\\laravel\\framework\\src\\Illuminate\\Log\\LogManager.php(681): Illuminate\\Log\\LogManager->driver()
#3 C:\\Users\\Пользователь\\Desktop\\analytics-platform\\vendor\\laravel\\framework\\src\\Illuminate\\Foundation\\Exceptions\\Handler.php(317): Illuminate\\Log\\LogManager->error()
#4 C:\\Users\\Пользователь\\Desktop\\analytics-platform\\vendor\\laravel\\framework\\src\\Illuminate\\Foundation\\Exceptions\\Handler.php(278): Illuminate\\Foundation\\Exceptions\\Handler->reportThrowable()
#5 C:\\Users\\Пользователь\\Desktop\\analytics-platform\\vendor\\laravel\\framework\\src\\Illuminate\\Foundation\\Console\\Kernel.php(523): Illuminate\\Foundation\\Exceptions\\Handler->report()
#6 C:\\Users\\Пользователь\\Desktop\\analytics-platform\\vendor\\laravel\\framework\\src\\Illuminate\\Foundation\\Console\\Kernel.php(203): Illuminate\\Foundation\\Console\\Kernel->reportException()
#7 C:\\Users\\Пользователь\\Desktop\\analytics-platform\\artisan(18): Illuminate\\Foundation\\Console\\Kernel->handle()
#8 {main}
"} 
[2025-11-14 18:10:13] laravel.ERROR: The C:\Users\Пользователь\Desktop\analytics-platform\bootstrap\cache directory must be present and writable. {"exception":"[object] (Exception(code: 0): The C:\\Users\\Пользователь\\Desktop\\analytics-platform\\bootstrap\\cache directory must be present and writable. at C:\\Users\\Пользователь\\Desktop\\analytics-platform\\vendor\\laravel\\framework\\src\\Illuminate\\Foundation\\PackageManifest.php:178)
[stacktrace]
#0 C:\\Users\\Пользователь\\Desktop\\analytics-platform\\vendor\\laravel\\framework\\src\\Illuminate\\Foundation\\PackageManifest.php(131): Illuminate\\Foundation\\PackageManifest->write()
#1 C:\\Users\\Пользователь\\Desktop\\analytics-platform\\vendor\\laravel\\framework\\src\\Illuminate\\Foundation\\PackageManifest.php(107): Illuminate\\Foundation\\PackageManifest->build()
#2 C:\\Users\\Пользователь\\Desktop\\analytics-platform\\vendor\\laravel\\framework\\src\\Illuminate\\Foundation\\PackageManifest.php(90): Illuminate\\Foundation\\PackageManifest->getManifest()
#3 C:\\Users\\Пользователь\\Desktop\\analytics-platform\\vendor\\laravel\\framework\\src\\Illuminate\\Foundation\\PackageManifest.php(79): Illuminate\\Foundation\\PackageManifest->config()
#4 C:\\Users\\Пользователь\\Desktop\\analytics-platform\\vendor\\laravel\\framework\\src\\Illuminate\\Foundation\\Bootstrap\\RegisterFacades.php(26): Illuminate\\Foundation\\PackageManifest->aliases()
#5 C:\\Users\\Пользователь\\Desktop\\analytics-platform\\vendor\\laravel\\framework\\src\\Illuminate\\Foundation\\Application.php(286): Illuminate\\Foundation\\Bootstrap\\RegisterFacades->bootstrap()
#6 C:\\Users\\Пользователь\\Desktop\\analytics-platform\\vendor\\laravel\\framework\\src\\Illuminate\\Foundation\\Console\\Kernel.php(447): Illuminate\\Foundation\\Application->bootstrapWith()
#7 C:\\Users\\Пользователь\\Desktop\\analytics-platform\\vendor\\laravel\\framework\\src\\Illuminate\\Foundation\\Console\\Kernel.php(199): Illuminate\\Foundation\\Console\\Kernel->bootstrap()
#8 C:\\Users\\Пользователь\\Desktop\\analytics-platform\\artisan(18): Illuminate\\Foundation\\Console\\Kernel->handle()
#9 {main}
"} 
[2025-11-14 18:12:20] laravel.EMERGENCY: Unable to create configured logger. Using emergency logger. {"exception":"[object] (InvalidArgumentException(code: 0): Log [] is not defined. at C:\\Users\\Пользователь\\Desktop\\analytics-platform\\vendor\\laravel\\framework\\src\\Illuminate\\Log\\LogManager.php:212)
[stacktrace]
#0 C:\\Users\\Пользователь\\Desktop\\analytics-platform\\vendor\\laravel\\framework\\src\\Illuminate\\Log\\LogManager.php(137): Illuminate\\Log\\LogManager->resolve()
#1 C:\\Users\\Пользователь\\Desktop\\analytics-platform\\vendor\\laravel\\framework\\src\\Illuminate\\Log\\LogManager.php(124): Illuminate\\Log\\LogManager->get()
#2 C:\\Users\\Пользователь\\Desktop\\analytics-platform\\vendor\\laravel\\framework\\src\\Illuminate\\Log\\LogManager.php(681): Illuminate\\Log\\LogManager->driver()
#3 C:\\Users\\Пользователь\\Desktop\\analytics-platform\\vendor\\laravel\\framework\\src\\Illuminate\\Foundation\\Exceptions\\Handler.php(317): Illuminate\\Log\\LogManager->error()
#4 C:\\Users\\Пользователь\\Desktop\\analytics-platform\\vendor\\laravel\\framework\\src\\Illuminate\\Foundation\\Exceptions\\Handler.php(278): Illuminate\\Foundation\\Exceptions\\Handler->reportThrowable()
#5 C:\\Users\\Пользователь\\Desktop\\analytics-platform\\vendor\\laravel\\framework\\src\\Illuminate\\Foundation\\Console\\Kernel.php(523): Illuminate\\Foundation\\Exceptions\\Handler->report()
#6 C:\\Users\\Пользователь\\Desktop\\analytics-platform\\vendor\\laravel\\framework\\src\\Illuminate\\Foundation\\Console\\Kernel.php(203): Illuminate\\Foundation\\Console\\Kernel->reportException()
#7 C:\\Users\\Пользователь\\Desktop\\analytics-platform\\artisan(18): Illuminate\\Foundation\\Console\\Kernel->handle()
#8 {main}
"} 
[2025-11-14 18:12:20] laravel.ERROR: Class "App\Http\Controllers\Controller" not found {"exception":"[object] (Error(code: 0): Class \"App\\Http\\Controllers\\Controller\" not found at C:\\Users\\Пользователь\\Desktop\\analytics-platform\\app\\Http\\Controllers\\ReportController.php:15)
[stacktrace]
#0 C:\\Users\\Пользователь\\Desktop\\analytics-platform\\vendor\\composer\\ClassLoader.php(576): include()
#1 C:\\Users\\Пользователь\\Desktop\\analytics-platform\\vendor\\composer\\ClassLoader.php(427): {closure:Composer\\Autoload\\ClassLoader::initializeIncludeClosure():575}()
#2 [internal function]: Composer\\Autoload\\ClassLoader->loadClass()
#3 C:\\Users\\Пользователь\\Desktop\\analytics-platform\\vendor\\laravel\\framework\\src\\Illuminate\\Routing\\Route.php(1096): is_a()
#4 C:\\Users\\Пользователь\\Desktop\\analytics-platform\\vendor\\laravel\\framework\\src\\Illuminate\\Routing\\Route.php(1035): Illuminate\\Routing\\Route->controllerMiddleware()
#5 C:\\Users\\Пользователь\\Desktop\\analytics-platform\\vendor\\laravel\\framework\\src\\Illuminate\\Routing\\Router.php(818): Illuminate\\Routing\\Route->gatherMiddleware()
#6 C:\\Users\\Пользователь\\Desktop\\analytics-platform\\vendor\\laravel\\framework\\src\\Illuminate\\Foundation\\Console\\RouteListCommand.php(201): Illuminate\\Routing\\Router->gatherRouteMiddleware()
#7 C:\\Users\\Пользователь\\Desktop\\analytics-platform\\vendor\\laravel\\framework\\src\\Illuminate\\Foundation\\Console\\RouteListCommand.php(146): Illuminate\\Foundation\\Console\\RouteListCommand->getMiddleware()
#8 C:\\Users\\Пользователь\\Desktop\\analytics-platform\\vendor\\laravel\\framework\\src\\Illuminate\\Foundation\\Console\\RouteListCommand.php(116): Illuminate\\Foundation\\Console\\RouteListCommand->getRouteInformation()
#9 [internal function]: Illuminate\\Foundation\\Console\\RouteListCommand->{closure:Illuminate\\Foundation\\Console\\RouteListCommand::getRoutes():115}()
#10 C:\\Users\\Пользователь\\Desktop\\analytics-platform\\vendor\\laravel\\framework\\src\\Illuminate\\Collections\\Arr.php(600): array_map()
#11 C:\\Users\\Пользователь\\Desktop\\analytics-platform\\vendor\\laravel\\framework\\src\\Illuminate\\Collections\\Collection.php(778): Illuminate\\Support\\Arr::map()
#12 C:\\Users\\Пользователь\\Desktop\\analytics-platform\\vendor\\laravel\\framework\\src\\Illuminate\\Foundation\\Console\\RouteListCommand.php(115): Illuminate\\Support\\Collection->map()
#13 C:\\Users\\Пользователь\\Desktop\\analytics-platform\\vendor\\laravel\\framework\\src\\Illuminate\\Foundation\\Console\\RouteListCommand.php(101): Illuminate\\Foundation\\Console\\RouteListCommand->getRoutes()
#14 C:\\Users\\Пользователь\\Desktop\\analytics-platform\\vendor\\laravel\\framework\\src\\Illuminate\\Container\\BoundMethod.php(36): Illuminate\\Foundation\\Console\\RouteListCommand->handle()
#15 C:\\Users\\Пользователь\\Desktop\\analytics-platform\\vendor\\laravel\\framework\\src\\Illuminate\\Container\\Util.php(41): Illuminate\\Container\\BoundMethod::{closure:Illuminate\\Container\\BoundMethod::call():35}()
#16 C:\\Users\\Пользователь\\Desktop\\analytics-platform\\vendor\\laravel\\framework\\src\\Illuminate\\Container\\BoundMethod.php(93): Illuminate\\Container\\Util::unwrapIfClosure()
#17 C:\\Users\\Пользователь\\Desktop\\analytics-platform\\vendor\\laravel\\framework\\src\\Illuminate\\Container\\BoundMethod.php(35): Illuminate\\Container\\BoundMethod::callBoundMethod()
#18 C:\\Users\\Пользователь\\Desktop\\analytics-platform\\vendor\\laravel\\framework\\src\\Illuminate\\Container\\Container.php(662): Illuminate\\Container\\BoundMethod::call()
#19 C:\\Users\\Пользователь\\Desktop\\analytics-platform\\vendor\\laravel\\framework\\src\\Illuminate\\Console\\Command.php(211): Illuminate\\Container\\Container->call()
#20 C:\\Users\\Пользователь\\Desktop\\analytics-platform\\vendor\\symfony\\console\\Command\\Command.php(326): Illuminate\\Console\\Command->execute()
#21 C:\\Users\\Пользователь\\Desktop\\analytics-platform\\vendor\\laravel\\framework\\src\\Illuminate\\Console\\Command.php(180): Symfony\\Component\\Console\\Command\\Command->run()
#22 C:\\Users\\Пользователь\\Desktop\\analytics-platform\\vendor\\symfony\\console\\Application.php(1088): Illuminate\\Console\\Command->run()
#23 C:\\Users\\Пользователь\\Desktop\\analytics-platform\\vendor\\symfony\\console\\Application.php(324): Symfony\\Component\\Console\\Application->doRunCommand()
#24 C:\\Users\\Пользователь\\Desktop\\analytics-platform\\vendor\\symfony\\console\\Application.php(175): Symfony\\Component\\Console\\Application->doRun()
#25 C:\\Users\\Пользователь\\Desktop\\analytics-platform\\vendor\\laravel\\framework\\src\\Illuminate\\Foundation\\Console\\Kernel.php(201): Symfony\\Component\\Console\\Application->run()
#26 C:\\Users\\Пользователь\\Desktop\\analytics-platform\\artisan(18): Illuminate\\Foundation\\Console\\Kernel->handle()
#27 {main}
"} 
[2025-11-14 18:15:25] laravel.EMERGENCY: Unable to create configured logger. Using emergency logger. {"exception":"[object] (InvalidArgumentException(code: 0): Log [] is not defined. at C:\\Users\\Пользователь\\Desktop\\analytics-platform\\vendor\\laravel\\framework\\src\\Illuminate\\Log\\LogManager.php:212)
[stacktrace]
#0 C:\\Users\\Пользователь\\Desktop\\analytics-platform\\vendor\\laravel\\framework\\src\\Illuminate\\Log\\LogManager.php(137): Illuminate\\Log\\LogManager->resolve()
#1 C:\\Users\\Пользователь\\Desktop\\analytics-platform\\vendor\\laravel\\framework\\src\\Illuminate\\Log\\LogManager.php(124): Illuminate\\Log\\LogManager->get()
#2 C:\\Users\\Пользователь\\Desktop\\analytics-platform\\vendor\\laravel\\framework\\src\\Illuminate\\Log\\LogManager.php(681): Illuminate\\Log\\LogManager->driver()
#3 C:\\Users\\Пользователь\\Desktop\\analytics-platform\\vendor\\laravel\\framework\\src\\Illuminate\\Foundation\\Exceptions\\Handler.php(317): Illuminate\\Log\\LogManager->error()
#4 C:\\Users\\Пользователь\\Desktop\\analytics-platform\\vendor\\laravel\\framework\\src\\Illuminate\\Foundation\\Exceptions\\Handler.php(278): Illuminate\\Foundation\\Exceptions\\Handler->reportThrowable()
#5 C:\\Users\\Пользователь\\Desktop\\analytics-platform\\vendor\\laravel\\framework\\src\\Illuminate\\Foundation\\Console\\Kernel.php(523): Illuminate\\Foundation\\Exceptions\\Handler->report()
#6 C:\\Users\\Пользователь\\Desktop\\analytics-platform\\vendor\\laravel\\framework\\src\\Illuminate\\Foundation\\Console\\Kernel.php(203): Illuminate\\Foundation\\Console\\Kernel->reportException()
#7 C:\\Users\\Пользователь\\Desktop\\analytics-platform\\artisan(18): Illuminate\\Foundation\\Console\\Kernel->handle()
#8 {main}
"} 
[2025-11-14 18:15:25] laravel.ERROR: Target class [App\Services\Insights\InsightsGenerator] does not exist. {"exception":"[object] (Illuminate\\Contracts\\Container\\BindingResolutionException(code: 0): Target class [App\\Services\\Insights\\InsightsGenerator] does not exist. at C:\\Users\\Пользователь\\Desktop\\analytics-platform\\vendor\\laravel\\framework\\src\\Illuminate\\Container\\Container.php:914)
[stacktrace]
#0 C:\\Users\\Пользователь\\Desktop\\analytics-platform\\vendor\\laravel\\framework\\src\\Illuminate\\Container\\Container.php(795): Illuminate\\Container\\Container->build()
#1 C:\\Users\\Пользователь\\Desktop\\analytics-platform\\vendor\\laravel\\framework\\src\\Illuminate\\Foundation\\Application.php(986): Illuminate\\Container\\Container->resolve()
#2 C:\\Users\\Пользователь\\Desktop\\analytics-platform\\vendor\\laravel\\framework\\src\\Illuminate\\Container\\Container.php(731): Illuminate\\Foundation\\Application->resolve()
#3 C:\\Users\\Пользователь\\Desktop\\analytics-platform\\vendor\\laravel\\framework\\src\\Illuminate\\Foundation\\Application.php(971): Illuminate\\Container\\Container->make()
#4 C:\\Users\\Пользователь\\Desktop\\analytics-platform\\vendor\\laravel\\framework\\src\\Illuminate\\Container\\Container.php(1066): Illuminate\\Foundation\\Application->make()
#5 C:\\Users\\Пользователь\\Desktop\\analytics-platform\\vendor\\laravel\\framework\\src\\Illuminate\\Container\\Container.php(982): Illuminate\\Container\\Container->resolveClass()
#6 C:\\Users\\Пользователь\\Desktop\\analytics-platform\\vendor\\laravel\\framework\\src\\Illuminate\\Container\\Container.php(943): Illuminate\\Container\\Container->resolveDependencies()
#7 C:\\Users\\Пользователь\\Desktop\\analytics-platform\\vendor\\laravel\\framework\\src\\Illuminate\\Container\\Container.php(795): Illuminate\\Container\\Container->build()
#8 C:\\Users\\Пользователь\\Desktop\\analytics-platform\\vendor\\laravel\\framework\\src\\Illuminate\\Foundation\\Application.php(986): Illuminate\\Container\\Container->resolve()
#9 C:\\Users\\Пользователь\\Desktop\\analytics-platform\\vendor\\laravel\\framework\\src\\Illuminate\\Container\\Container.php(731): Illuminate\\Foundation\\Application->resolve()
#10 C:\\Users\\Пользователь\\Desktop\\analytics-platform\\vendor\\laravel\\framework\\src\\Illuminate\\Foundation\\Application.php(971): Illuminate\\Container\\Container->make()
#11 C:\\Users\\Пользователь\\Desktop\\analytics-platform\\vendor\\laravel\\framework\\src\\Illuminate\\Routing\\Route.php(278): Illuminate\\Foundation\\Application->make()
#12 C:\\Users\\Пользователь\\Desktop\\analytics-platform\\vendor\\laravel\\framework\\src\\Illuminate\\Routing\\Route.php(1104): Illuminate\\Routing\\Route->getController()
#13 C:\\Users\\Пользователь\\Desktop\\analytics-platform\\vendor\\laravel\\framework\\src\\Illuminate\\Routing\\Route.php(1035): Illuminate\\Routing\\Route->controllerMiddleware()
#14 C:\\Users\\Пользователь\\Desktop\\analytics-platform\\vendor\\laravel\\framework\\src\\Illuminate\\Routing\\Router.php(818): Illuminate\\Routing\\Route->gatherMiddleware()
#15 C:\\Users\\Пользователь\\Desktop\\analytics-platform\\vendor\\laravel\\framework\\src\\Illuminate\\Foundation\\Console\\RouteListCommand.php(201): Illuminate\\Routing\\Router->gatherRouteMiddleware()
#16 C:\\Users\\Пользователь\\Desktop\\analytics-platform\\vendor\\laravel\\framework\\src\\Illuminate\\Foundation\\Console\\RouteListCommand.php(146): Illuminate\\Foundation\\Console\\RouteListCommand->getMiddleware()
#17 C:\\Users\\Пользователь\\Desktop\\analytics-platform\\vendor\\laravel\\framework\\src\\Illuminate\\Foundation\\Console\\RouteListCommand.php(116): Illuminate\\Foundation\\Console\\RouteListCommand->getRouteInformation()
#18 [internal function]: Illuminate\\Foundation\\Console\\RouteListCommand->{closure:Illuminate\\Foundation\\Console\\RouteListCommand::getRoutes():115}()
#19 C:\\Users\\Пользователь\\Desktop\\analytics-platform\\vendor\\laravel\\framework\\src\\Illuminate\\Collections\\Arr.php(600): array_map()
#20 C:\\Users\\Пользователь\\Desktop\\analytics-platform\\vendor\\laravel\\framework\\src\\Illuminate\\Collections\\Collection.php(778): Illuminate\\Support\\Arr::map()
#21 C:\\Users\\Пользователь\\Desktop\\analytics-platform\\vendor\\laravel\\framework\\src\\Illuminate\\Foundation\\Console\\RouteListCommand.php(115): Illuminate\\Support\\Collection->map()
#22 C:\\Users\\Пользователь\\Desktop\\analytics-platform\\vendor\\laravel\\framework\\src\\Illuminate\\Foundation\\Console\\RouteListCommand.php(101): Illuminate\\Foundation\\Console\\RouteListCommand->getRoutes()
#23 C:\\Users\\Пользователь\\Desktop\\analytics-platform\\vendor\\laravel\\framework\\src\\Illuminate\\Container\\BoundMethod.php(36): Illuminate\\Foundation\\Console\\RouteListCommand->handle()
#24 C:\\Users\\Пользователь\\Desktop\\analytics-platform\\vendor\\laravel\\framework\\src\\Illuminate\\Container\\Util.php(41): Illuminate\\Container\\BoundMethod::{closure:Illuminate\\Container\\BoundMethod::call():35}()
#25 C:\\Users\\Пользователь\\Desktop\\analytics-platform\\vendor\\laravel\\framework\\src\\Illuminate\\Container\\BoundMethod.php(93): Illuminate\\Container\\Util::unwrapIfClosure()
#26 C:\\Users\\Пользователь\\Desktop\\analytics-platform\\vendor\\laravel\\framework\\src\\Illuminate\\Container\\BoundMethod.php(35): Illuminate\\Container\\BoundMethod::callBoundMethod()
#27 C:\\Users\\Пользователь\\Desktop\\analytics-platform\\vendor\\laravel\\framework\\src\\Illuminate\\Container\\Container.php(662): Illuminate\\Container\\BoundMethod::call()
#28 C:\\Users\\Пользователь\\Desktop\\analytics-platform\\vendor\\laravel\\framework\\src\\Illuminate\\Console\\Command.php(211): Illuminate\\Container\\Container->call()
#29 C:\\Users\\Пользователь\\Desktop\\analytics-platform\\vendor\\symfony\\console\\Command\\Command.php(326): Illuminate\\Console\\Command->execute()
#30 C:\\Users\\Пользователь\\Desktop\\analytics-platform\\vendor\\laravel\\framework\\src\\Illuminate\\Console\\Command.php(180): Symfony\\Component\\Console\\Command\\Command->run()
#31 C:\\Users\\Пользователь\\Desktop\\analytics-platform\\vendor\\symfony\\console\\Application.php(1088): Illuminate\\Console\\Command->run()
#32 C:\\Users\\Пользователь\\Desktop\\analytics-platform\\vendor\\symfony\\console\\Application.php(324): Symfony\\Component\\Console\\Application->doRunCommand()
#33 C:\\Users\\Пользователь\\Desktop\\analytics-platform\\vendor\\symfony\\console\\Application.php(175): Symfony\\Component\\Console\\Application->doRun()
#34 C:\\Users\\Пользователь\\Desktop\\analytics-platform\\vendor\\laravel\\framework\\src\\Illuminate\\Foundation\\Console\\Kernel.php(201): Symfony\\Component\\Console\\Application->run()
#35 C:\\Users\\Пользователь\\Desktop\\analytics-platform\\artisan(18): Illuminate\\Foundation\\Console\\Kernel->handle()
#36 {main}

[previous exception] [object] (ReflectionException(code: -1): Class \"App\\Services\\Insights\\InsightsGenerator\" does not exist at C:\\Users\\Пользователь\\Desktop\\analytics-platform\\vendor\\laravel\\framework\\src\\Illuminate\\Container\\Container.php:912)
[stacktrace]
#0 C:\\Users\\Пользователь\\Desktop\\analytics-platform\\vendor\\laravel\\framework\\src\\Illuminate\\Container\\Container.php(912): ReflectionClass->__construct()
#1 C:\\Users\\Пользователь\\Desktop\\analytics-platform\\vendor\\laravel\\framework\\src\\Illuminate\\Container\\Container.php(795): Illuminate\\Container\\Container->build()
#2 C:\\Users\\Пользователь\\Desktop\\analytics-platform\\vendor\\laravel\\framework\\src\\Illuminate\\Foundation\\Application.php(986): Illuminate\\Container\\Container->resolve()
#3 C:\\Users\\Пользователь\\Desktop\\analytics-platform\\vendor\\laravel\\framework\\src\\Illuminate\\Container\\Container.php(731): Illuminate\\Foundation\\Application->resolve()
#4 C:\\Users\\Пользователь\\Desktop\\analytics-platform\\vendor\\laravel\\framework\\src\\Illuminate\\Foundation\\Application.php(971): Illuminate\\Container\\Container->make()
#5 C:\\Users\\Пользователь\\Desktop\\analytics-platform\\vendor\\laravel\\framework\\src\\Illuminate\\Container\\Container.php(1066): Illuminate\\Foundation\\Application->make()
#6 C:\\Users\\Пользователь\\Desktop\\analytics-platform\\vendor\\laravel\\framework\\src\\Illuminate\\Container\\Container.php(982): Illuminate\\Container\\Container->resolveClass()
#7 C:\\Users\\Пользователь\\Desktop\\analytics-platform\\vendor\\laravel\\framework\\src\\Illuminate\\Container\\Container.php(943): Illuminate\\Container\\Container->resolveDependencies()
#8 C:\\Users\\Пользователь\\Desktop\\analytics-platform\\vendor\\laravel\\framework\\src\\Illuminate\\Container\\Container.php(795): Illuminate\\Container\\Container->build()
#9 C:\\Users\\Пользователь\\Desktop\\analytics-platform\\vendor\\laravel\\framework\\src\\Illuminate\\Foundation\\Application.php(986): Illuminate\\Container\\Container->resolve()
#10 C:\\Users\\Пользователь\\Desktop\\analytics-platform\\vendor\\laravel\\framework\\src\\Illuminate\\Container\\Container.php(731): Illuminate\\Foundation\\Application->resolve()
#11 C:\\Users\\Пользователь\\Desktop\\analytics-platform\\vendor\\laravel\\framework\\src\\Illuminate\\Foundation\\Application.php(971): Illuminate\\Container\\Container->make()
#12 C:\\Users\\Пользователь\\Desktop\\analytics-platform\\vendor\\laravel\\framework\\src\\Illuminate\\Routing\\Route.php(278): Illuminate\\Foundation\\Application->make()
#13 C:\\Users\\Пользователь\\Desktop\\analytics-platform\\vendor\\laravel\\framework\\src\\Illuminate\\Routing\\Route.php(1104): Illuminate\\Routing\\Route->getController()
#14 C:\\Users\\Пользователь\\Desktop\\analytics-platform\\vendor\\laravel\\framework\\src\\Illuminate\\Routing\\Route.php(1035): Illuminate\\Routing\\Route->controllerMiddleware()
#15 C:\\Users\\Пользователь\\Desktop\\analytics-platform\\vendor\\laravel\\framework\\src\\Illuminate\\Routing\\Router.php(818): Illuminate\\Routing\\Route->gatherMiddleware()
#16 C:\\Users\\Пользователь\\Desktop\\analytics-platform\\vendor\\laravel\\framework\\src\\Illuminate\\Foundation\\Console\\RouteListCommand.php(201): Illuminate\\Routing\\Router->gatherRouteMiddleware()
#17 C:\\Users\\Пользователь\\Desktop\\analytics-platform\\vendor\\laravel\\framework\\src\\Illuminate\\Foundation\\Console\\RouteListCommand.php(146): Illuminate\\Foundation\\Console\\RouteListCommand->getMiddleware()
#18 C:\\Users\\Пользователь\\Desktop\\analytics-platform\\vendor\\laravel\\framework\\src\\Illuminate\\Foundation\\Console\\RouteListCommand.php(116): Illuminate\\Foundation\\Console\\RouteListCommand->getRouteInformation()
#19 [internal function]: Illuminate\\Foundation\\Console\\RouteListCommand->{closure:Illuminate\\Foundation\\Console\\RouteListCommand::getRoutes():115}()
#20 C:\\Users\\Пользователь\\Desktop\\analytics-platform\\vendor\\laravel\\framework\\src\\Illuminate\\Collections\\Arr.php(600): array_map()
#21 C:\\Users\\Пользователь\\Desktop\\analytics-platform\\vendor\\laravel\\framework\\src\\Illuminate\\Collections\\Collection.php(778): Illuminate\\Support\\Arr::map()
#22 C:\\Users\\Пользователь\\Desktop\\analytics-platform\\vendor\\laravel\\framework\\src\\Illuminate\\Foundation\\Console\\RouteListCommand.php(115): Illuminate\\Support\\Collection->map()
#23 C:\\Users\\Пользователь\\Desktop\\analytics-platform\\vendor\\laravel\\framework\\src\\Illuminate\\Foundation\\Console\\RouteListCommand.php(101): Illuminate\\Foundation\\Console\\RouteListCommand->getRoutes()
#24 C:\\Users\\Пользователь\\Desktop\\analytics-platform\\vendor\\laravel\\framework\\src\\Illuminate\\Container\\BoundMethod.php(36): Illuminate\\Foundation\\Console\\RouteListCommand->handle()
#25 C:\\Users\\Пользователь\\Desktop\\analytics-platform\\vendor\\laravel\\framework\\src\\Illuminate\\Container\\Util.php(41): Illuminate\\Container\\BoundMethod::{closure:Illuminate\\Container\\BoundMethod::call():35}()
#26 C:\\Users\\Пользователь\\Desktop\\analytics-platform\\vendor\\laravel\\framework\\src\\Illuminate\\Container\\BoundMethod.php(93): Illuminate\\Container\\Util::unwrapIfClosure()
#27 C:\\Users\\Пользователь\\Desktop\\analytics-platform\\vendor\\laravel\\framework\\src\\Illuminate\\Container\\BoundMethod.php(35): Illuminate\\Container\\BoundMethod::callBoundMethod()
#28 C:\\Users\\Пользователь\\Desktop\\analytics-platform\\vendor\\laravel\\framework\\src\\Illuminate\\Container\\Container.php(662): Illuminate\\Container\\BoundMethod::call()
#29 C:\\Users\\Пользователь\\Desktop\\analytics-platform\\vendor\\laravel\\framework\\src\\Illuminate\\Console\\Command.php(211): Illuminate\\Container\\Container->call()
#30 C:\\Users\\Пользователь\\Desktop\\analytics-platform\\vendor\\symfony\\console\\Command\\Command.php(326): Illuminate\\Console\\Command->execute()
#31 C:\\Users\\Пользователь\\Desktop\\analytics-platform\\vendor\\laravel\\framework\\src\\Illuminate\\Console\\Command.php(180): Symfony\\Component\\Console\\Command\\Command->run()
#32 C:\\Users\\Пользователь\\Desktop\\analytics-platform\\vendor\\symfony\\console\\Application.php(1088): Illuminate\\Console\\Command->run()
#33 C:\\Users\\Пользователь\\Desktop\\analytics-platform\\vendor\\symfony\\console\\Application.php(324): Symfony\\Component\\Console\\Application->doRunCommand()
#34 C:\\Users\\Пользователь\\Desktop\\analytics-platform\\vendor\\symfony\\console\\Application.php(175): Symfony\\Component\\Console\\Application->doRun()
#35 C:\\Users\\Пользователь\\Desktop\\analytics-platform\\vendor\\laravel\\framework\\src\\Illuminate\\Foundation\\Console\\Kernel.php(201): Symfony\\Component\\Console\\Application->run()
#36 C:\\Users\\Пользователь\\Desktop\\analytics-platform\\artisan(18): Illuminate\\Foundation\\Console\\Kernel->handle()
#37 {main}
"} 
[2025-11-14 18:23:54] laravel.EMERGENCY: Unable to create configured logger. Using emergency logger. {"exception":"[object] (InvalidArgumentException(code: 0): Log [] is not defined. at C:\\Users\\Пользователь\\Desktop\\analytics-platform\\vendor\\laravel\\framework\\src\\Illuminate\\Log\\LogManager.php:212)
[stacktrace]
#0 C:\\Users\\Пользователь\\Desktop\\analytics-platform\\vendor\\laravel\\framework\\src\\Illuminate\\Log\\LogManager.php(137): Illuminate\\Log\\LogManager->resolve()
#1 C:\\Users\\Пользователь\\Desktop\\analytics-platform\\vendor\\laravel\\framework\\src\\Illuminate\\Log\\LogManager.php(124): Illuminate\\Log\\LogManager->get()
#2 C:\\Users\\Пользователь\\Desktop\\analytics-platform\\vendor\\laravel\\framework\\src\\Illuminate\\Log\\LogManager.php(681): Illuminate\\Log\\LogManager->driver()
#3 C:\\Users\\Пользователь\\Desktop\\analytics-platform\\vendor\\laravel\\framework\\src\\Illuminate\\Foundation\\Exceptions\\Handler.php(317): Illuminate\\Log\\LogManager->error()
#4 C:\\Users\\Пользователь\\Desktop\\analytics-platform\\vendor\\laravel\\framework\\src\\Illuminate\\Foundation\\Exceptions\\Handler.php(278): Illuminate\\Foundation\\Exceptions\\Handler->reportThrowable()
#5 C:\\Users\\Пользователь\\Desktop\\analytics-platform\\vendor\\laravel\\framework\\src\\Illuminate\\Foundation\\Console\\Kernel.php(523): Illuminate\\Foundation\\Exceptions\\Handler->report()
#6 C:\\Users\\Пользователь\\Desktop\\analytics-platform\\vendor\\laravel\\framework\\src\\Illuminate\\Foundation\\Console\\Kernel.php(203): Illuminate\\Foundation\\Console\\Kernel->reportException()
#7 C:\\Users\\Пользователь\\Desktop\\analytics-platform\\artisan(18): Illuminate\\Foundation\\Console\\Kernel->handle()
#8 {main}
"} 
[2025-11-14 18:23:54] laravel.ERROR: Unresolvable dependency resolving [Parameter #0 [ <required> string $token ]] in class App\Services\Direct\DirectClient {"exception":"[object] (Illuminate\\Contracts\\Container\\BindingResolutionException(code: 0): Unresolvable dependency resolving [Parameter #0 [ <required> string $token ]] in class App\\Services\\Direct\\DirectClient at C:\\Users\\Пользователь\\Desktop\\analytics-platform\\vendor\\laravel\\framework\\src\\Illuminate\\Container\\Container.php:1141)
[stacktrace]
#0 C:\\Users\\Пользователь\\Desktop\\analytics-platform\\vendor\\laravel\\framework\\src\\Illuminate\\Container\\Container.php(1050): Illuminate\\Container\\Container->unresolvablePrimitive()
#1 C:\\Users\\Пользователь\\Desktop\\analytics-platform\\vendor\\laravel\\framework\\src\\Illuminate\\Container\\Container.php(981): Illuminate\\Container\\Container->resolvePrimitive()
#2 C:\\Users\\Пользователь\\Desktop\\analytics-platform\\vendor\\laravel\\framework\\src\\Illuminate\\Container\\Container.php(943): Illuminate\\Container\\Container->resolveDependencies()
#3 C:\\Users\\Пользователь\\Desktop\\analytics-platform\\vendor\\laravel\\framework\\src\\Illuminate\\Container\\Container.php(795): Illuminate\\Container\\Container->build()
#4 C:\\Users\\Пользователь\\Desktop\\analytics-platform\\vendor\\laravel\\framework\\src\\Illuminate\\Foundation\\Application.php(986): Illuminate\\Container\\Container->resolve()
#5 C:\\Users\\Пользователь\\Desktop\\analytics-platform\\vendor\\laravel\\framework\\src\\Illuminate\\Container\\Container.php(731): Illuminate\\Foundation\\Application->resolve()
#6 C:\\Users\\Пользователь\\Desktop\\analytics-platform\\vendor\\laravel\\framework\\src\\Illuminate\\Foundation\\Application.php(971): Illuminate\\Container\\Container->make()
#7 C:\\Users\\Пользователь\\Desktop\\analytics-platform\\vendor\\laravel\\framework\\src\\Illuminate\\Container\\Container.php(1066): Illuminate\\Foundation\\Application->make()
#8 C:\\Users\\Пользователь\\Desktop\\analytics-platform\\vendor\\laravel\\framework\\src\\Illuminate\\Container\\Container.php(982): Illuminate\\Container\\Container->resolveClass()
#9 C:\\Users\\Пользователь\\Desktop\\analytics-platform\\vendor\\laravel\\framework\\src\\Illuminate\\Container\\Container.php(943): Illuminate\\Container\\Container->resolveDependencies()
#10 C:\\Users\\Пользователь\\Desktop\\analytics-platform\\vendor\\laravel\\framework\\src\\Illuminate\\Container\\Container.php(795): Illuminate\\Container\\Container->build()
#11 C:\\Users\\Пользователь\\Desktop\\analytics-platform\\vendor\\laravel\\framework\\src\\Illuminate\\Foundation\\Application.php(986): Illuminate\\Container\\Container->resolve()
#12 C:\\Users\\Пользователь\\Desktop\\analytics-platform\\vendor\\laravel\\framework\\src\\Illuminate\\Container\\Container.php(731): Illuminate\\Foundation\\Application->resolve()
#13 C:\\Users\\Пользователь\\Desktop\\analytics-platform\\vendor\\laravel\\framework\\src\\Illuminate\\Foundation\\Application.php(971): Illuminate\\Container\\Container->make()
#14 C:\\Users\\Пользователь\\Desktop\\analytics-platform\\vendor\\laravel\\framework\\src\\Illuminate\\Routing\\Route.php(278): Illuminate\\Foundation\\Application->make()
#15 C:\\Users\\Пользователь\\Desktop\\analytics-platform\\vendor\\laravel\\framework\\src\\Illuminate\\Routing\\Route.php(1104): Illuminate\\Routing\\Route->getController()
#16 C:\\Users\\Пользователь\\Desktop\\analytics-platform\\vendor\\laravel\\framework\\src\\Illuminate\\Routing\\Route.php(1035): Illuminate\\Routing\\Route->controllerMiddleware()
#17 C:\\Users\\Пользователь\\Desktop\\analytics-platform\\vendor\\laravel\\framework\\src\\Illuminate\\Routing\\Router.php(818): Illuminate\\Routing\\Route->gatherMiddleware()
#18 C:\\Users\\Пользователь\\Desktop\\analytics-platform\\vendor\\laravel\\framework\\src\\Illuminate\\Foundation\\Console\\RouteListCommand.php(201): Illuminate\\Routing\\Router->gatherRouteMiddleware()
#19 C:\\Users\\Пользователь\\Desktop\\analytics-platform\\vendor\\laravel\\framework\\src\\Illuminate\\Foundation\\Console\\RouteListCommand.php(146): Illuminate\\Foundation\\Console\\RouteListCommand->getMiddleware()
#20 C:\\Users\\Пользователь\\Desktop\\analytics-platform\\vendor\\laravel\\framework\\src\\Illuminate\\Foundation\\Console\\RouteListCommand.php(116): Illuminate\\Foundation\\Console\\RouteListCommand->getRouteInformation()
#21 [internal function]: Illuminate\\Foundation\\Console\\RouteListCommand->{closure:Illuminate\\Foundation\\Console\\RouteListCommand::getRoutes():115}()
#22 C:\\Users\\Пользователь\\Desktop\\analytics-platform\\vendor\\laravel\\framework\\src\\Illuminate\\Collections\\Arr.php(600): array_map()
#23 C:\\Users\\Пользователь\\Desktop\\analytics-platform\\vendor\\laravel\\framework\\src\\Illuminate\\Collections\\Collection.php(778): Illuminate\\Support\\Arr::map()
#24 C:\\Users\\Пользователь\\Desktop\\analytics-platform\\vendor\\laravel\\framework\\src\\Illuminate\\Foundation\\Console\\RouteListCommand.php(115): Illuminate\\Support\\Collection->map()
#25 C:\\Users\\Пользователь\\Desktop\\analytics-platform\\vendor\\laravel\\framework\\src\\Illuminate\\Foundation\\Console\\RouteListCommand.php(101): Illuminate\\Foundation\\Console\\RouteListCommand->getRoutes()
#26 C:\\Users\\Пользователь\\Desktop\\analytics-platform\\vendor\\laravel\\framework\\src\\Illuminate\\Container\\BoundMethod.php(36): Illuminate\\Foundation\\Console\\RouteListCommand->handle()
#27 C:\\Users\\Пользователь\\Desktop\\analytics-platform\\vendor\\laravel\\framework\\src\\Illuminate\\Container\\Util.php(41): Illuminate\\Container\\BoundMethod::{closure:Illuminate\\Container\\BoundMethod::call():35}()
#28 C:\\Users\\Пользователь\\Desktop\\analytics-platform\\vendor\\laravel\\framework\\src\\Illuminate\\Container\\BoundMethod.php(93): Illuminate\\Container\\Util::unwrapIfClosure()
#29 C:\\Users\\Пользователь\\Desktop\\analytics-platform\\vendor\\laravel\\framework\\src\\Illuminate\\Container\\BoundMethod.php(35): Illuminate\\Container\\BoundMethod::callBoundMethod()
#30 C:\\Users\\Пользователь\\Desktop\\analytics-platform\\vendor\\laravel\\framework\\src\\Illuminate\\Container\\Container.php(662): Illuminate\\Container\\BoundMethod::call()
#31 C:\\Users\\Пользователь\\Desktop\\analytics-platform\\vendor\\laravel\\framework\\src\\Illuminate\\Console\\Command.php(211): Illuminate\\Container\\Container->call()
#32 C:\\Users\\Пользователь\\Desktop\\analytics-platform\\vendor\\symfony\\console\\Command\\Command.php(326): Illuminate\\Console\\Command->execute()
#33 C:\\Users\\Пользователь\\Desktop\\analytics-platform\\vendor\\laravel\\framework\\src\\Illuminate\\Console\\Command.php(180): Symfony\\Component\\Console\\Command\\Command->run()
#34 C:\\Users\\Пользователь\\Desktop\\analytics-platform\\vendor\\symfony\\console\\Application.php(1088): Illuminate\\Console\\Command->run()
#35 C:\\Users\\Пользователь\\Desktop\\analytics-platform\\vendor\\symfony\\console\\Application.php(324): Symfony\\Component\\Console\\Application->doRunCommand()
#36 C:\\Users\\Пользователь\\Desktop\\analytics-platform\\vendor\\symfony\\console\\Application.php(175): Symfony\\Component\\Console\\Application->doRun()
#37 C:\\Users\\Пользователь\\Desktop\\analytics-platform\\vendor\\laravel\\framework\\src\\Illuminate\\Foundation\\Console\\Kernel.php(201): Symfony\\Component\\Console\\Application->run()
#38 C:\\Users\\Пользователь\\Desktop\\analytics-platform\\artisan(18): Illuminate\\Foundation\\Console\\Kernel->handle()
#39 {main}
"} 
[2025-11-14 18:29:20] laravel.EMERGENCY: Unable to create configured logger. Using emergency logger. {"exception":"[object] (InvalidArgumentException(code: 0): Log [] is not defined. at C:\\Users\\Пользователь\\Desktop\\analytics-platform\\vendor\\laravel\\framework\\src\\Illuminate\\Log\\LogManager.php:212)
[stacktrace]
#0 C:\\Users\\Пользователь\\Desktop\\analytics-platform\\vendor\\laravel\\framework\\src\\Illuminate\\Log\\LogManager.php(137): Illuminate\\Log\\LogManager->resolve()
#1 C:\\Users\\Пользователь\\Desktop\\analytics-platform\\vendor\\laravel\\framework\\src\\Illuminate\\Log\\LogManager.php(124): Illuminate\\Log\\LogManager->get()
#2 C:\\Users\\Пользователь\\Desktop\\analytics-platform\\vendor\\laravel\\framework\\src\\Illuminate\\Log\\LogManager.php(681): Illuminate\\Log\\LogManager->driver()
#3 C:\\Users\\Пользователь\\Desktop\\analytics-platform\\vendor\\laravel\\framework\\src\\Illuminate\\Foundation\\Exceptions\\Handler.php(317): Illuminate\\Log\\LogManager->error()
#4 C:\\Users\\Пользователь\\Desktop\\analytics-platform\\vendor\\laravel\\framework\\src\\Illuminate\\Foundation\\Exceptions\\Handler.php(278): Illuminate\\Foundation\\Exceptions\\Handler->reportThrowable()
#5 C:\\Users\\Пользователь\\Desktop\\analytics-platform\\vendor\\laravel\\framework\\src\\Illuminate\\Foundation\\Console\\Kernel.php(523): Illuminate\\Foundation\\Exceptions\\Handler->report()
#6 C:\\Users\\Пользователь\\Desktop\\analytics-platform\\vendor\\laravel\\framework\\src\\Illuminate\\Foundation\\Console\\Kernel.php(203): Illuminate\\Foundation\\Console\\Kernel->reportException()
#7 C:\\Users\\Пользователь\\Desktop\\analytics-platform\\artisan(18): Illuminate\\Foundation\\Console\\Kernel->handle()
#8 {main}
"} 
[2025-11-14 18:29:20] laravel.ERROR: Unresolvable dependency resolving [Parameter #0 [ <required> string $token ]] in class App\Services\Direct\DirectClient {"exception":"[object] (Illuminate\\Contracts\\Container\\BindingResolutionException(code: 0): Unresolvable dependency resolving [Parameter #0 [ <required> string $token ]] in class App\\Services\\Direct\\DirectClient at C:\\Users\\Пользователь\\Desktop\\analytics-platform\\vendor\\laravel\\framework\\src\\Illuminate\\Container\\Container.php:1141)
[stacktrace]
#0 C:\\Users\\Пользователь\\Desktop\\analytics-platform\\vendor\\laravel\\framework\\src\\Illuminate\\Container\\Container.php(1050): Illuminate\\Container\\Container->unresolvablePrimitive()
#1 C:\\Users\\Пользователь\\Desktop\\analytics-platform\\vendor\\laravel\\framework\\src\\Illuminate\\Container\\Container.php(981): Illuminate\\Container\\Container->resolvePrimitive()
#2 C:\\Users\\Пользователь\\Desktop\\analytics-platform\\vendor\\laravel\\framework\\src\\Illuminate\\Container\\Container.php(943): Illuminate\\Container\\Container->resolveDependencies()
#3 C:\\Users\\Пользователь\\Desktop\\analytics-platform\\vendor\\laravel\\framework\\src\\Illuminate\\Container\\Container.php(795): Illuminate\\Container\\Container->build()
#4 C:\\Users\\Пользователь\\Desktop\\analytics-platform\\vendor\\laravel\\framework\\src\\Illuminate\\Foundation\\Application.php(986): Illuminate\\Container\\Container->resolve()
#5 C:\\Users\\Пользователь\\Desktop\\analytics-platform\\vendor\\laravel\\framework\\src\\Illuminate\\Container\\Container.php(731): Illuminate\\Foundation\\Application->resolve()
#6 C:\\Users\\Пользователь\\Desktop\\analytics-platform\\vendor\\laravel\\framework\\src\\Illuminate\\Foundation\\Application.php(971): Illuminate\\Container\\Container->make()
#7 C:\\Users\\Пользователь\\Desktop\\analytics-platform\\vendor\\laravel\\framework\\src\\Illuminate\\Container\\Container.php(1066): Illuminate\\Foundation\\Application->make()
#8 C:\\Users\\Пользователь\\Desktop\\analytics-platform\\vendor\\laravel\\framework\\src\\Illuminate\\Container\\Container.php(982): Illuminate\\Container\\Container->resolveClass()
#9 C:\\Users\\Пользователь\\Desktop\\analytics-platform\\vendor\\laravel\\framework\\src\\Illuminate\\Container\\Container.php(943): Illuminate\\Container\\Container->resolveDependencies()
#10 C:\\Users\\Пользователь\\Desktop\\analytics-platform\\vendor\\laravel\\framework\\src\\Illuminate\\Container\\Container.php(795): Illuminate\\Container\\Container->build()
#11 C:\\Users\\Пользователь\\Desktop\\analytics-platform\\vendor\\laravel\\framework\\src\\Illuminate\\Foundation\\Application.php(986): Illuminate\\Container\\Container->resolve()
#12 C:\\Users\\Пользователь\\Desktop\\analytics-platform\\vendor\\laravel\\framework\\src\\Illuminate\\Container\\Container.php(731): Illuminate\\Foundation\\Application->resolve()
#13 C:\\Users\\Пользователь\\Desktop\\analytics-platform\\vendor\\laravel\\framework\\src\\Illuminate\\Foundation\\Application.php(971): Illuminate\\Container\\Container->make()
#14 C:\\Users\\Пользователь\\Desktop\\analytics-platform\\vendor\\laravel\\framework\\src\\Illuminate\\Routing\\Route.php(278): Illuminate\\Foundation\\Application->make()
#15 C:\\Users\\Пользователь\\Desktop\\analytics-platform\\vendor\\laravel\\framework\\src\\Illuminate\\Routing\\Route.php(1104): Illuminate\\Routing\\Route->getController()
#16 C:\\Users\\Пользователь\\Desktop\\analytics-platform\\vendor\\laravel\\framework\\src\\Illuminate\\Routing\\Route.php(1035): Illuminate\\Routing\\Route->controllerMiddleware()
#17 C:\\Users\\Пользователь\\Desktop\\analytics-platform\\vendor\\laravel\\framework\\src\\Illuminate\\Routing\\Router.php(818): Illuminate\\Routing\\Route->gatherMiddleware()
#18 C:\\Users\\Пользователь\\Desktop\\analytics-platform\\vendor\\laravel\\framework\\src\\Illuminate\\Foundation\\Console\\RouteListCommand.php(201): Illuminate\\Routing\\Router->gatherRouteMiddleware()
#19 C:\\Users\\Пользователь\\Desktop\\analytics-platform\\vendor\\laravel\\framework\\src\\Illuminate\\Foundation\\Console\\RouteListCommand.php(146): Illuminate\\Foundation\\Console\\RouteListCommand->getMiddleware()
#20 C:\\Users\\Пользователь\\Desktop\\analytics-platform\\vendor\\laravel\\framework\\src\\Illuminate\\Foundation\\Console\\RouteListCommand.php(116): Illuminate\\Foundation\\Console\\RouteListCommand->getRouteInformation()
#21 [internal function]: Illuminate\\Foundation\\Console\\RouteListCommand->{closure:Illuminate\\Foundation\\Console\\RouteListCommand::getRoutes():115}()
#22 C:\\Users\\Пользователь\\Desktop\\analytics-platform\\vendor\\laravel\\framework\\src\\Illuminate\\Collections\\Arr.php(600): array_map()
#23 C:\\Users\\Пользователь\\Desktop\\analytics-platform\\vendor\\laravel\\framework\\src\\Illuminate\\Collections\\Collection.php(778): Illuminate\\Support\\Arr::map()
#24 C:\\Users\\Пользователь\\Desktop\\analytics-platform\\vendor\\laravel\\framework\\src\\Illuminate\\Foundation\\Console\\RouteListCommand.php(115): Illuminate\\Support\\Collection->map()
#25 C:\\Users\\Пользователь\\Desktop\\analytics-platform\\vendor\\laravel\\framework\\src\\Illuminate\\Foundation\\Console\\RouteListCommand.php(101): Illuminate\\Foundation\\Console\\RouteListCommand->getRoutes()
#26 C:\\Users\\Пользователь\\Desktop\\analytics-platform\\vendor\\laravel\\framework\\src\\Illuminate\\Container\\BoundMethod.php(36): Illuminate\\Foundation\\Console\\RouteListCommand->handle()
#27 C:\\Users\\Пользователь\\Desktop\\analytics-platform\\vendor\\laravel\\framework\\src\\Illuminate\\Container\\Util.php(41): Illuminate\\Container\\BoundMethod::{closure:Illuminate\\Container\\BoundMethod::call():35}()
#28 C:\\Users\\Пользователь\\Desktop\\analytics-platform\\vendor\\laravel\\framework\\src\\Illuminate\\Container\\BoundMethod.php(93): Illuminate\\Container\\Util::unwrapIfClosure()
#29 C:\\Users\\Пользователь\\Desktop\\analytics-platform\\vendor\\laravel\\framework\\src\\Illuminate\\Container\\BoundMethod.php(35): Illuminate\\Container\\BoundMethod::callBoundMethod()
#30 C:\\Users\\Пользователь\\Desktop\\analytics-platform\\vendor\\laravel\\framework\\src\\Illuminate\\Container\\Container.php(662): Illuminate\\Container\\BoundMethod::call()
#31 C:\\Users\\Пользователь\\Desktop\\analytics-platform\\vendor\\laravel\\framework\\src\\Illuminate\\Console\\Command.php(211): Illuminate\\Container\\Container->call()
#32 C:\\Users\\Пользователь\\Desktop\\analytics-platform\\vendor\\symfony\\console\\Command\\Command.php(326): Illuminate\\Console\\Command->execute()
#33 C:\\Users\\Пользователь\\Desktop\\analytics-platform\\vendor\\laravel\\framework\\src\\Illuminate\\Console\\Command.php(180): Symfony\\Component\\Console\\Command\\Command->run()
#34 C:\\Users\\Пользователь\\Desktop\\analytics-platform\\vendor\\symfony\\console\\Application.php(1088): Illuminate\\Console\\Command->run()
#35 C:\\Users\\Пользователь\\Desktop\\analytics-platform\\vendor\\symfony\\console\\Application.php(324): Symfony\\Component\\Console\\Application->doRunCommand()
#36 C:\\Users\\Пользователь\\Desktop\\analytics-platform\\vendor\\symfony\\console\\Application.php(175): Symfony\\Component\\Console\\Application->doRun()
#37 C:\\Users\\Пользователь\\Desktop\\analytics-platform\\vendor\\laravel\\framework\\src\\Illuminate\\Foundation\\Console\\Kernel.php(201): Symfony\\Component\\Console\\Application->run()
#38 C:\\Users\\Пользователь\\Desktop\\analytics-platform\\artisan(18): Illuminate\\Foundation\\Console\\Kernel->handle()
#39 {main}
"} 
